<?xml version="1.0" encoding="UTF-8"?>
<!-- Generated by org.testng.reporters.JUnitReportReporter -->
<testsuite hostname="LIN65003356" failures="0" tests="4" name="Runner.TestNgtestRunner" time="205.486" errors="0" timestamp="2025-04-09T16:46:08 IST" skipped="0">
  <testcase classname="Runner.TestNgtestRunner" name="runScenario" time="43.549"/>
  <testcase classname="Runner.TestNgtestRunner" name="runScenario" time="76.654"/>
  <testcase classname="Runner.TestNgtestRunner" name="runScenario" time="44.814"/>
  <testcase classname="Runner.TestNgtestRunner" name="runScenario" time="40.469"/>
</testsuite> <!-- Runner.TestNgtestRunner -->
